<?xml version='1.0' encoding='UTF-8'?>
<testsuite hostname="Arash" name="controllers.HomeControllerTest" tests="1" errors="0" failures="0" skipped="0" time="2.097" timestamp="2020-11-02T15:57:42">
                     <properties>
[...]
</properties>
                     <testcase classname="controllers.HomeControllerTest" name="testIndex" time="2.097">
                                                 
                                               </testcase>
                     <system-out><![CDATA[]]></system-out>
                     <system-err><![CDATA[]]></system-err>
                   </testsuite>