<?xml version='1.0' encoding='UTF-8'?>
<testsuite hostname="Ferosnow-Laptop" name="controllers.TweetServiceTest" tests="2" errors="0" failures="0" skipped="0" time="1.369" timestamp="2020-11-13T16:13:15">
                     <properties>
[...]
</properties>
                     <testcase classname="controllers.TweetServiceTest" name="getProfile" time="1.286">
                                                 
                                               </testcase><testcase classname="controllers.TweetServiceTest" name="getTweets" time="0.083">
                                                 
                                               </testcase>
                     <system-out><![CDATA[]]></system-out>
                     <system-err><![CDATA[]]></system-err>
                   </testsuite>